TN:
SF:models/City.js
FNF:0
FNH:0
DA:1,1
DA:3,1
DA:11,1
LF:3
LH:3
BRF:0
BRH:0
end_of_record
TN:
SF:models/User.js
FNF:0
FNH:0
DA:1,1
DA:3,1
DA:14,1
LF:3
LH:3
BRF:0
BRH:0
end_of_record
TN:
SF:useCase/city.js
FN:9,(anonymous_0)
FN:42,(anonymous_1)
FN:56,(anonymous_2)
FN:59,(anonymous_3)
FN:72,(anonymous_4)
FN:90,(anonymous_5)
FN:113,(anonymous_6)
FNF:7
FNH:5
FNDA:4,(anonymous_0)
FNDA:2,(anonymous_1)
FNDA:0,(anonymous_2)
FNDA:0,(anonymous_3)
FNDA:2,(anonymous_4)
FNDA:2,(anonymous_5)
FNDA:1,(anonymous_6)
DA:1,1
DA:2,1
DA:9,1
DA:10,4
DA:11,4
DA:13,4
DA:14,1
DA:16,3
DA:17,1
DA:19,2
DA:20,0
DA:23,2
DA:30,1
DA:32,1
DA:33,1
DA:42,1
DA:43,2
DA:44,2
DA:45,1
DA:47,1
DA:48,1
DA:56,1
DA:57,0
DA:58,0
DA:59,0
DA:60,0
DA:62,0
DA:63,0
DA:72,1
DA:73,2
DA:74,2
DA:75,2
DA:76,1
DA:78,1
DA:80,1
DA:90,1
DA:91,2
DA:92,2
DA:98,2
DA:99,1
DA:102,1
DA:104,1
DA:113,1
DA:114,1
DA:115,1
DA:117,0
DA:118,0
DA:121,0
DA:123,1
DA:128,1
LF:50
LH:40
BRDA:13,0,0,1
BRDA:13,0,1,3
BRDA:13,1,0,4
BRDA:13,1,1,4
BRDA:16,2,0,1
BRDA:16,2,1,2
BRDA:16,3,0,3
BRDA:16,3,1,2
BRDA:19,4,0,0
BRDA:19,4,1,2
BRDA:19,5,0,2
BRDA:19,5,1,2
BRDA:75,6,0,1
BRDA:75,6,1,1
BRDA:98,7,0,1
BRDA:98,7,1,1
BRDA:117,8,0,0
BRDA:117,8,1,0
BRF:18
BRH:15
end_of_record
TN:
SF:useCase/user.js
FN:5,(anonymous_0)
FN:16,(anonymous_1)
FNF:2
FNH:2
FNDA:3,(anonymous_0)
FNDA:5,(anonymous_1)
DA:1,1
DA:2,1
DA:3,1
DA:5,1
DA:6,3
DA:7,3
DA:8,2
DA:9,2
DA:10,1
DA:12,2
DA:16,1
DA:17,5
DA:18,5
DA:19,4
DA:20,1
DA:23,3
DA:24,2
DA:25,1
DA:28,1
DA:32,1
DA:34,2
LF:21
LH:21
BRDA:12,0,0,1
BRDA:12,0,1,1
BRDA:19,1,0,1
BRDA:19,1,1,3
BRDA:24,2,0,1
BRDA:24,2,1,1
BRF:6
BRH:6
end_of_record
