TN:
SF:models/City.js
FNF:0
FNH:0
DA:1,1
DA:3,1
DA:11,1
LF:3
LH:3
BRF:0
BRH:0
end_of_record
TN:
SF:useCase/city.js
FN:9,(anonymous_0)
FN:42,(anonymous_1)
FN:57,(anonymous_2)
FN:75,(anonymous_3)
FN:98,(anonymous_4)
FNF:5
FNH:5
FNDA:4,(anonymous_0)
FNDA:2,(anonymous_1)
FNDA:2,(anonymous_2)
FNDA:2,(anonymous_3)
FNDA:1,(anonymous_4)
DA:1,1
DA:2,1
DA:9,1
DA:10,4
DA:11,4
DA:13,4
DA:14,1
DA:16,3
DA:17,1
DA:19,2
DA:20,0
DA:23,2
DA:30,1
DA:32,1
DA:33,1
DA:42,1
DA:43,2
DA:44,2
DA:45,1
DA:47,1
DA:48,1
DA:57,1
DA:58,2
DA:59,2
DA:60,2
DA:61,1
DA:63,1
DA:65,1
DA:75,1
DA:76,2
DA:77,2
DA:83,2
DA:84,1
DA:87,1
DA:89,1
DA:98,1
DA:99,1
DA:100,1
DA:102,0
DA:103,0
DA:106,0
DA:108,1
DA:113,1
LF:43
LH:39
BRDA:13,0,0,1
BRDA:13,0,1,3
BRDA:13,1,0,4
BRDA:13,1,1,4
BRDA:16,2,0,1
BRDA:16,2,1,2
BRDA:16,3,0,3
BRDA:16,3,1,2
BRDA:19,4,0,0
BRDA:19,4,1,2
BRDA:19,5,0,2
BRDA:19,5,1,2
BRDA:60,6,0,1
BRDA:60,6,1,1
BRDA:83,7,0,1
BRDA:83,7,1,1
BRDA:102,8,0,0
BRDA:102,8,1,0
BRF:18
BRH:15
end_of_record
